<?xml version="1.0" encoding="UTF-8"?>
<testsuite name="br.adriana.nogueira.tema04.Tema04ApplicationTests" tests="1" skipped="0" failures="0" errors="0" timestamp="2023-10-13T20:52:38" hostname="ILEGRA-HXX2R23" time="0.205">
  <properties/>
  <testcase name="contextLoads()" classname="br.adriana.nogueira.tema04.Tema04ApplicationTests" time="0.205"/>
  <system-out><![CDATA[17:52:37.097 [Test worker] DEBUG org.springframework.test.context.BootstrapUtils - Instantiating CacheAwareContextLoaderDelegate from class [org.springframework.test.context.cache.DefaultCacheAwareContextLoaderDelegate]
17:52:37.106 [Test worker] DEBUG org.springframework.test.context.BootstrapUtils - Instantiating BootstrapContext using constructor [public org.springframework.test.context.support.DefaultBootstrapContext(java.lang.Class,org.springframework.test.context.CacheAwareContextLoaderDelegate)]
17:52:37.132 [Test worker] DEBUG org.springframework.test.context.BootstrapUtils - Instantiating TestContextBootstrapper for test class [br.adriana.nogueira.tema04.Tema04ApplicationTests] from class [org.springframework.boot.test.context.SpringBootTestContextBootstrapper]
17:52:37.140 [Test worker] INFO org.springframework.boot.test.context.SpringBootTestContextBootstrapper - Neither @ContextConfiguration nor @ContextHierarchy found for test class [br.adriana.nogueira.tema04.Tema04ApplicationTests], using SpringBootContextLoader
17:52:37.143 [Test worker] DEBUG org.springframework.test.context.support.AbstractContextLoader - Did not detect default resource location for test class [br.adriana.nogueira.tema04.Tema04ApplicationTests]: class path resource [br/adriana/nogueira/tema04/Tema04ApplicationTests-context.xml] does not exist
17:52:37.143 [Test worker] DEBUG org.springframework.test.context.support.AbstractContextLoader - Did not detect default resource location for test class [br.adriana.nogueira.tema04.Tema04ApplicationTests]: class path resource [br/adriana/nogueira/tema04/Tema04ApplicationTestsContext.groovy] does not exist
17:52:37.144 [Test worker] INFO org.springframework.test.context.support.AbstractContextLoader - Could not detect default resource locations for test class [br.adriana.nogueira.tema04.Tema04ApplicationTests]: no resource found for suffixes {-context.xml, Context.groovy}.
17:52:37.144 [Test worker] INFO org.springframework.test.context.support.AnnotationConfigContextLoaderUtils - Could not detect default configuration classes for test class [br.adriana.nogueira.tema04.Tema04ApplicationTests]: Tema04ApplicationTests does not declare any static, non-private, non-final, nested classes annotated with @Configuration.
17:52:37.177 [Test worker] DEBUG org.springframework.test.context.support.ActiveProfilesUtils - Could not find an 'annotation declaring class' for annotation type [org.springframework.test.context.ActiveProfiles] and class [br.adriana.nogueira.tema04.Tema04ApplicationTests]
17:52:37.219 [Test worker] DEBUG org.springframework.context.annotation.ClassPathScanningCandidateComponentProvider - Identified candidate component class: file [/home/adriana/Área de Trabalho/jovens-talentos/2-cloud-native/adriana-nogueira/tema-04/build/classes/java/main/br/adriana/nogueira/tema04/Tema04Application.class]
17:52:37.220 [Test worker] INFO org.springframework.boot.test.context.SpringBootTestContextBootstrapper - Found @SpringBootConfiguration br.adriana.nogueira.tema04.Tema04Application for test class br.adriana.nogueira.tema04.Tema04ApplicationTests
17:52:37.280 [Test worker] DEBUG org.springframework.boot.test.context.SpringBootTestContextBootstrapper - @TestExecutionListeners is not present for class [br.adriana.nogueira.tema04.Tema04ApplicationTests]: using defaults.
17:52:37.281 [Test worker] INFO org.springframework.boot.test.context.SpringBootTestContextBootstrapper - Loaded default TestExecutionListener class names from location [META-INF/spring.factories]: [org.springframework.boot.test.autoconfigure.restdocs.RestDocsTestExecutionListener, org.springframework.boot.test.autoconfigure.web.client.MockRestServiceServerResetTestExecutionListener, org.springframework.boot.test.autoconfigure.web.servlet.MockMvcPrintOnlyOnFailureTestExecutionListener, org.springframework.boot.test.autoconfigure.web.servlet.WebDriverTestExecutionListener, org.springframework.boot.test.autoconfigure.webservices.client.MockWebServiceServerTestExecutionListener, org.springframework.boot.test.mock.mockito.MockitoTestExecutionListener, org.springframework.boot.test.mock.mockito.ResetMocksTestExecutionListener, org.springframework.test.context.web.ServletTestExecutionListener, org.springframework.test.context.support.DirtiesContextBeforeModesTestExecutionListener, org.springframework.test.context.event.ApplicationEventsTestExecutionListener, org.springframework.test.context.support.DependencyInjectionTestExecutionListener, org.springframework.test.context.support.DirtiesContextTestExecutionListener, org.springframework.test.context.transaction.TransactionalTestExecutionListener, org.springframework.test.context.jdbc.SqlScriptsTestExecutionListener, org.springframework.test.context.event.EventPublishingTestExecutionListener]
17:52:37.288 [Test worker] DEBUG org.springframework.boot.test.context.SpringBootTestContextBootstrapper - Skipping candidate TestExecutionListener [org.springframework.test.context.transaction.TransactionalTestExecutionListener] due to a missing dependency. Specify custom listener classes or make the default listener classes and their required dependencies available. Offending class: [org/springframework/transaction/interceptor/TransactionAttributeSource]
17:52:37.289 [Test worker] DEBUG org.springframework.boot.test.context.SpringBootTestContextBootstrapper - Skipping candidate TestExecutionListener [org.springframework.test.context.jdbc.SqlScriptsTestExecutionListener] due to a missing dependency. Specify custom listener classes or make the default listener classes and their required dependencies available. Offending class: [org/springframework/transaction/interceptor/TransactionAttribute]
17:52:37.289 [Test worker] INFO org.springframework.boot.test.context.SpringBootTestContextBootstrapper - Using TestExecutionListeners: [org.springframework.test.context.web.ServletTestExecutionListener@7a8fa663, org.springframework.test.context.support.DirtiesContextBeforeModesTestExecutionListener@5ce33a58, org.springframework.test.context.event.ApplicationEventsTestExecutionListener@78a287ed, org.springframework.boot.test.mock.mockito.MockitoTestExecutionListener@546ccad7, org.springframework.boot.test.autoconfigure.SpringBootDependencyInjectionTestExecutionListener@5357c287, org.springframework.test.context.support.DirtiesContextTestExecutionListener@1623134f, org.springframework.test.context.event.EventPublishingTestExecutionListener@7a527389, org.springframework.boot.test.autoconfigure.restdocs.RestDocsTestExecutionListener@485a3466, org.springframework.boot.test.autoconfigure.web.client.MockRestServiceServerResetTestExecutionListener@25748410, org.springframework.boot.test.autoconfigure.web.servlet.MockMvcPrintOnlyOnFailureTestExecutionListener@2b43529a, org.springframework.boot.test.autoconfigure.web.servlet.WebDriverTestExecutionListener@4264b240, org.springframework.boot.test.autoconfigure.webservices.client.MockWebServiceServerTestExecutionListener@5b04476e, org.springframework.boot.test.mock.mockito.ResetMocksTestExecutionListener@5ad10c1a]
17:52:37.291 [Test worker] DEBUG org.springframework.test.context.support.AbstractDirtiesContextTestExecutionListener - Before test class: context [DefaultTestContext@47404bea testClass = Tema04ApplicationTests, testInstance = [null], testMethod = [null], testException = [null], mergedContextConfiguration = [WebMergedContextConfiguration@305f7627 testClass = Tema04ApplicationTests, locations = '{}', classes = '{class br.adriana.nogueira.tema04.Tema04Application}', contextInitializerClasses = '[]', activeProfiles = '{}', propertySourceLocations = '{}', propertySourceProperties = '{org.springframework.boot.test.context.SpringBootTestContextBootstrapper=true}', contextCustomizers = set[org.springframework.boot.test.autoconfigure.actuate.metrics.MetricsExportContextCustomizerFactory$DisableMetricExportContextCustomizer@5f9be66c, org.springframework.boot.test.autoconfigure.properties.PropertyMappingContextCustomizer@0, org.springframework.boot.test.autoconfigure.web.servlet.WebDriverContextCustomizerFactory$Customizer@54e7df6a, org.springframework.boot.test.context.filter.ExcludeFilterContextCustomizer@64bce832, org.springframework.boot.test.json.DuplicateJsonObjectContextCustomizerFactory$DuplicateJsonObjectContextCustomizer@598bd2ba, org.springframework.boot.test.mock.mockito.MockitoContextCustomizer@0, org.springframework.boot.test.web.client.TestRestTemplateContextCustomizer@7331196b, org.springframework.boot.test.context.SpringBootTestArgs@1, org.springframework.boot.test.context.SpringBootTestWebEnvironment@c03cf28], resourceBasePath = 'src/main/webapp', contextLoader = 'org.springframework.boot.test.context.SpringBootContextLoader', parent = [null]], attributes = map['org.springframework.test.context.web.ServletTestExecutionListener.activateListener' -> true]], class annotated with @DirtiesContext [false] with mode [null].
17:52:37.309 [Test worker] DEBUG org.springframework.test.context.support.TestPropertySourceUtils - Adding inlined properties to environment: {spring.jmx.enabled=false, org.springframework.boot.test.context.SpringBootTestContextBootstrapper=true}

  .   ____          _            __ _ _
 /\\ / ___'_ __ _ _(_)_ __  __ _ \ \ \ \
( ( )\___ | '_ | '_| | '_ \/ _` | \ \ \ \
 \\/  ___)| |_)| | | | | || (_| |  ) ) ) )
  '  |____| .__|_| |_|_| |_\__, | / / / /
 =========|_|==============|___/=/_/_/_/
 :: Spring Boot ::                (v2.5.5)

2023-10-13 17:52:37.483  INFO 96656 --- [    Test worker] b.a.n.tema04.Tema04ApplicationTests      : Starting Tema04ApplicationTests using Java 17.0.8.1 on ILEGRA-HXX2R23 with PID 96656 (started by adriana in /home/adriana/Área de Trabalho/jovens-talentos/2-cloud-native/adriana-nogueira/tema-04)
2023-10-13 17:52:37.486  INFO 96656 --- [    Test worker] b.a.n.tema04.Tema04ApplicationTests      : No active profile set, falling back to default profiles: default
2023-10-13 17:52:38.463  INFO 96656 --- [    Test worker] b.a.n.tema04.Tema04ApplicationTests      : Started Tema04ApplicationTests in 1.149 seconds (JVM running for 1.98)
]]></system-out>
  <system-err><![CDATA[]]></system-err>
</testsuite>
